0	0	2.14513e-17	0.0119682	-0.145624	0.235134
50	0.05	7.45927e-17	0.487336	-7.1216	13.2651
100	0.1	1.15071e-16	0.518806	-6.5633	16.3412
150	0.15	1.39587e-16	0.594238	-6.34793	17.1998
200	0.2	1.27683e-16	0.648045	-6.49018	16.1079
250	0.25	1.20409e-16	0.621297	-6.66279	15.2377
300	0.3	1.4572e-16	0.594796	-6.72732	14.9907
350	0.35	1.4433e-16	0.599727	-6.70073	15.1252
400	0.4	1.36967e-16	0.597475	-6.71162	15.0747
450	0.45	1.52798e-16	0.594903	-6.69197	15.2126
500	0.5	1.65588e-16	0.605614	-6.69293	15.1586
550	0.55	1.37178e-16	0.605359	-6.73041	14.9409
600	0.6	1.17819e-16	0.585716	-6.73202	15.0171
650	0.65	1.12092e-16	0.590138	-6.66626	15.3858
700	0.7	1.2291e-16	0.599276	-6.62551	15.5917
750	0.75	1.01131e-16	0.616911	-6.69091	15.1133
800	0.8	1.2135e-16	0.586963	-6.70865	15.1593
850	0.85	1.5042e-16	0.597498	-6.67012	15.3292
900	0.9	1.18633e-16	0.60711	-6.68233	15.2063
950	0.95	9.25071e-17	0.602158	-6.72268	15.011
1000	1	1.12942e-16	0.593137	-6.7068	15.1541
1050	1.05	1.16539e-16	0.599073	-6.70489	15.1333
1100	1.1	9.84337e-17	0.589946	-6.67269	15.3603
1150	1.15	1.40715e-16	0.599561	-6.66179	15.3696
1200	1.2	1.5378e-16	0.601283	-6.66648	15.3392
1250	1.25	1.45448e-16	0.604007	-6.68187	15.2319
1300	1.3	1.8905e-16	0.599646	-6.70177	15.1429
1350	1.35	1.64988e-16	0.602337	-6.71079	15.0794
1400	1.4	1.4101e-16	0.595621	-6.70758	15.1247
1450	1.45	1.48495e-16	0.596433	-6.70643	15.1291
1500	1.5	1.32859e-16	0.594623	-6.67491	15.3247
1550	1.55	1.84672e-16	0.593202	-6.66366	15.4001
1600	1.6	1.18152e-16	0.611296	-6.6602	15.3362
1650	1.65	1.284e-16	0.59897	-6.71061	15.0895
1700	1.7	1.65964e-16	0.600566	-6.71354	15.0622
1750	1.75	1.49187e-16	0.591752	-6.69805	15.1986
1800	1.8	1.14628e-16	0.596009	-6.68498	15.2584
1850	1.85	9.74579e-17	0.599145	-6.66666	15.3557
1900	1.9	1.62475e-16	0.600095	-6.67286	15.3144
1950	1.95	1.68143e-16	0.601201	-6.67555	15.2951
2000	2	1.22601e-16	0.605338	-6.71303	15.0489
2050	2.05	1.32254e-16	0.601717	-6.72647	14.9915
2100	2.1	1.089e-16	0.595088	-6.72146	15.046
2150	2.15	1.13029e-16	0.586279	-6.69433	15.2528
2200	2.2	1.75921e-16	0.586527	-6.6271	15.6403
2250	2.25	1.55715e-16	0.613602	-6.62292	15.5294
2300	2.3	1.70114e-16	0.611116	-6.69589	15.1213
2350	2.35	2.54423e-16	0.599802	-6.73894	14.9291
2400	2.4	2.53652e-16	0.588214	-6.71082	15.1474
2450	2.45	2.28736e-16	0.596842	-6.67041	15.3459
2500	2.5	2.32071e-16	0.609257	-6.70546	15.0723
2550	2.55	2.25684e-16	0.593999	-6.71384	15.0955
2600	2.6	2.23138e-16	0.596246	-6.69197	15.2158
2650	2.65	2.07093e-16	0.594023	-6.67758	15.3113
2700	2.7	2.37103e-16	0.595757	-6.65749	15.4273
2750	2.75	2.46969e-16	0.604391	-6.6625	15.3467
2800	2.8	2.53334e-16	0.602446	-6.6767	15.277
2850	2.85	2.35097e-16	0.60346	-6.71459	15.0493
2900	2.9	2.25462e-16	0.596604	-6.69714	15.1903
2950	2.95	2.23174e-16	0.599732	-6.71073	15.0944
3000	3	2.35271e-16	0.597337	-6.70406	15.1473
3050	3.05	2.1877e-16	0.592515	-6.69354	15.2259
3100	3.1	1.86619e-16	0.601476	-6.67313	15.3024
3150	3.15	2.0674e-16	0.592798	-6.67905	15.3136
3200	3.2	2.03226e-16	0.602121	-6.65853	15.3779
3250	3.25	2.10347e-16	0.603575	-6.67738	15.2697
3300	3.3	1.95917e-16	0.60594	-6.72717	14.9646
3350	3.35	2.29736e-16	0.593902	-6.71777	15.0839
3400	3.4	2.06529e-16	0.599155	-6.7207	15.0315
3450	3.45	2.28877e-16	0.58671	-6.67445	15.372
3500	3.5	1.94817e-16	0.599057	-6.66828	15.3489
3550	3.55	1.89153e-16	0.606836	-6.6642	15.3291
3600	3.6	1.67083e-16	0.600404	-6.69931	15.1562
3650	3.65	1.96913e-16	0.599205	-6.70322	15.1361
3700	3.7	2.0314e-16	0.591779	-6.68206	15.298
3750	3.75	1.92969e-16	0.613056	-6.6973	15.1072
3800	3.8	1.69175e-16	0.593561	-6.73502	14.9818
3850	3.85	1.71918e-16	0.590116	-6.69582	15.2243
3900	3.9	1.79157e-16	0.598083	-6.65906	15.4048
3950	3.95	1.67345e-16	0.599542	-6.66485	15.3655
4000	4	1.44902e-16	0.612239	-6.70871	15.0472
4050	4.05	1.61152e-16	0.586424	-6.71045	15.1677
4100	4.1	1.50663e-16	0.597029	-6.66825	15.3543
4150	4.15	1.23622e-16	0.600977	-6.6678	15.3404
4200	4.2	1.22888e-16	0.605819	-6.6932	15.1718
4250	4.25	1.32497e-16	0.599828	-6.71694	15.0649
4300	4.3	1.46671e-16	0.593295	-6.71181	15.1251
4350	4.35	1.56996e-16	0.596744	-6.68045	15.293
4400	4.4	1.29414e-16	0.597201	-6.67511	15.3232
4450	4.45	1.39995e-16	0.602082	-6.68146	15.2489
4500	4.5	1.35267e-16	0.601543	-6.68828	15.2196
4550	4.55	1.77379e-16	0.600339	-6.71226	15.0829
4600	4.6	1.97714e-16	0.59788	-6.69506	15.1974
4650	4.65	2.1377e-16	0.594845	-6.7029	15.1619
4700	4.7	1.93792e-16	0.596315	-6.67729	15.3064
4750	4.75	1.98581e-16	0.601873	-6.6742	15.2955
4800	4.8	1.61138e-16	0.604247	-6.70682	15.0947
4850	4.85	1.62138e-16	0.596905	-6.7149	15.0771
4900	4.9	1.28647e-16	0.589963	-6.68562	15.2871
4950	4.95	1.17213e-16	0.606367	-6.67594	15.2591
5000	5	1.00849e-16	0.597958	-6.69964	15.1618
5050	5.05	9.4481e-17	0.591113	-6.69701	15.216
5100	5.1	7.80969e-17	0.59717	-6.69693	15.1856
5150	5.15	8.36507e-17	0.598066	-6.69702	15.1809
5200	5.2	7.98978e-17	0.587993	-6.69696	15.2335
5250	5.25	7.87503e-17	0.599696	-6.69688	15.173
5300	5.3	5.00917e-17	0.60741	-6.69712	15.1353
5350	5.35	1.14279e-16	0.607025	-6.69689	15.1376
5400	5.4	8.7163e-17	0.58281	-6.69685	15.2537
5450	5.45	7.5767e-17	0.593195	-6.6969	15.2031
5500	5.5	1.22574e-16	0.5856	-6.69688	15.2508
5550	5.55	9.98492e-17	0.595097	-6.69686	15.1953
5600	5.6	1.28133e-16	0.593866	-6.69692	15.2021
5650	5.65	1.34066e-16	0.61148	-6.69711	15.115
5700	5.7	1.32607e-16	0.596245	-6.69715	15.1948
5750	5.75	1.77375e-16	0.600263	-6.69693	15.1697
5800	5.8	1.54438e-16	0.591407	-6.69681	15.2163
5850	5.85	1.69383e-16	0.587648	-6.69676	15.2381
5900	5.9	1.37904e-16	0.605257	-6.69689	15.1435
5950	5.95	1.61484e-16	0.58633	-6.69701	15.2408
6000	6	2.41026e-16	0.603305	-6.69713	15.1592
6050	6.05	2.17229e-16	0.599021	-6.69694	15.1799
6100	6.1	1.95231e-16	0.589251	-6.69685	15.2265
6150	6.15	2.33846e-16	0.596776	-6.697	15.1905
6200	6.2	2.57906e-16	0.598094	-6.697	15.1848
6250	6.25	2.59927e-16	0.611609	-6.69681	15.11
6300	6.3	2.24081e-16	0.579661	-6.69666	15.277
6350	6.35	2.33034e-16	0.605885	-6.69686	15.143
6400	6.4	2.6847e-16	0.58029	-6.6969	15.2778
6450	6.45	2.94547e-16	0.584096	-6.69683	15.2473
6500	6.5	2.36291e-16	0.624115	-6.69689	15.0488
6550	6.55	2.73619e-16	0.574451	-6.69703	15.2969
6600	6.6	3.16474e-16	0.61091	-6.69717	15.1186
6650	6.65	3.51444e-16	0.620799	-6.69711	15.0669
6700	6.7	3.46602e-16	0.579473	-6.69702	15.2729
6750	6.75	3.30414e-16	0.586506	-6.69695	15.2319
6800	6.8	2.87233e-16	0.591987	-6.69683	15.2108
6850	6.85	2.72079e-16	0.610063	-6.69674	15.1171
6900	6.9	2.68396e-16	0.595622	-6.69694	15.1919
6950	6.95	2.77083e-16	0.600412	-6.69708	15.1604
7000	7	3.01123e-16	0.578443	-6.69695	15.273
7050	7.05	2.84252e-16	0.606496	-6.69705	15.1376
7100	7.1	2.56917e-16	0.61139	-6.69702	15.1149
7150	7.15	2.69813e-16	0.58913	-6.69694	15.2194
7200	7.2	2.83535e-16	0.58089	-6.69686	15.2608
7250	7.25	3.01067e-16	0.59765	-6.69693	15.1849
7300	7.3	3.58249e-16	0.613541	-6.69691	15.1015
7350	7.35	3.34688e-16	0.584231	-6.69686	15.246
7400	7.4	3.76588e-16	0.588058	-6.69675	15.2278
7450	7.45	3.81871e-16	0.586125	-6.697	15.2368
7500	7.5	3.962e-16	0.607217	-6.69724	15.1346
7550	7.55	3.77882e-16	0.614166	-6.6972	15.1045
7600	7.6	3.8616e-16	0.583445	-6.69698	15.2523
7650	7.65	4.16179e-16	0.594974	-6.69688	15.1935
7700	7.7	3.97291e-16	0.590882	-6.69695	15.2158
7750	7.75	4.11696e-16	0.603624	-6.69691	15.1511
7800	7.8	3.65964e-16	0.597783	-6.69706	15.1862
7850	7.85	3.90778e-16	0.600483	-6.69706	15.167
7900	7.9	4.16302e-16	0.587202	-6.69705	15.2397
7950	7.95	4.56497e-16	0.590506	-6.69711	15.2212
8000	8	4.72388e-16	0.610135	-6.69711	15.12
8050	8.05	4.8277e-16	0.578426	-6.69702	15.2846
8100	8.1	4.86821e-16	0.609097	-6.69705	15.1254
8150	8.15	4.89897e-16	0.608757	-6.69681	15.1241
8200	8.2	5.27845e-16	0.580582	-6.69678	15.2713
8250	8.25	5.07852e-16	0.595567	-6.69675	15.198
8300	8.3	4.77564e-16	0.609451	-6.69682	15.1204
8350	8.35	4.94389e-16	0.576633	-6.69699	15.2849
8400	8.4	4.95132e-16	0.59357	-6.69693	15.2008
8450	8.45	5.18532e-16	0.598086	-6.69705	15.1833
8500	8.5	4.95822e-16	0.595269	-6.69701	15.1972
8550	8.55	5.02704e-16	0.61785	-6.69712	15.0806
8600	8.6	5.5138e-16	0.598412	-6.69703	15.1788
8650	8.65	5.84029e-16	0.586153	-6.697	15.2404
8700	8.7	5.67711e-16	0.595585	-6.69705	15.1877
8750	8.75	5.56535e-16	0.59471	-6.69688	15.2031
8800	8.8	5.37335e-16	0.593687	-6.69723	15.204
8850	8.85	5.26357e-16	0.598079	-6.69711	15.1822
8900	8.9	5.03701e-16	0.592835	-6.69717	15.2124
8950	8.95	5.52965e-16	0.607262	-6.69697	15.1372
9000	9	5.20609e-16	0.592271	-6.69689	15.2135
9050	9.05	4.89398e-16	0.596045	-6.69718	15.1935
9100	9.1	4.75955e-16	0.617113	-6.69713	15.0874
9150	9.15	4.61697e-16	0.583582	-6.69697	15.2539
9200	9.2	4.73247e-16	0.576156	-6.69691	15.2923
9250	9.25	4.81122e-16	0.618337	-6.69684	15.078
9300	9.3	5.17734e-16	0.580247	-6.69674	15.2729
9350	9.35	4.52527e-16	0.588845	-6.697	15.2261
9400	9.4	4.61076e-16	0.609482	-6.69723	15.1232
9450	9.45	4.34987e-16	0.593712	-6.69713	15.2028
9500	9.5	4.27209e-16	0.6101	-6.69707	15.1208
9550	9.55	4.53648e-16	0.589197	-6.697	15.2271
9600	9.6	4.67994e-16	0.581319	-6.69698	15.2728
9650	9.65	4.24227e-16	0.605917	-6.69706	15.1392
9700	9.7	4.23431e-16	0.583151	-6.69681	15.2549
9750	9.75	4.82687e-16	0.588364	-6.69695	15.2288
9800	9.8	4.27554e-16	0.605503	-6.69719	15.138
9850	9.85	4.27933e-16	0.595561	-6.69691	15.198
9900	9.9	4.29138e-16	0.608282	-6.69701	15.1268
9950	9.95	4.38283e-16	0.586308	-6.69708	15.2337
Wall time: 29 seconds
