0	0	9.71539e-17	0.0329838	-0.0752695	-0.0953809
50	0.05	9.98934e-17	1.6425	-3.75818	-4.57092
100	0.1	9.8428e-17	1.5394	-3.58277	-2.86502
150	0.15	1.4161e-16	1.5958	-3.06938	-0.307357
200	0.2	1.25094e-16	1.64553	-2.9495	0.461211
250	0.25	8.14258e-17	1.6507	-2.94553	0.6306
300	0.3	1.26569e-16	1.65222	-2.95129	0.652508
350	0.35	1.53774e-16	1.65307	-2.97863	0.539861
400	0.4	1.59668e-16	1.64129	-2.96515	0.614738
450	0.45	1.80486e-16	1.64993	-2.94535	0.666131
500	0.5	1.28298e-16	1.65556	-2.95527	0.617922
550	0.55	1.89458e-16	1.64648	-2.97651	0.596689
600	0.6	1.42705e-16	1.64619	-2.96464	0.682606
650	0.65	1.59208e-16	1.64752	-2.9452	0.780789
700	0.7	1.45032e-16	1.65508	-2.95651	0.715269
750	0.75	1.39062e-16	1.65213	-2.98053	0.605598
800	0.8	1.65017e-16	1.64015	-2.97287	0.659941
850	0.85	1.43516e-16	1.64849	-2.94182	0.734404
900	0.9	1.35355e-16	1.64969	-2.9454	0.692953
950	0.95	9.0133e-17	1.65315	-2.94751	0.658076
1000	1	8.95463e-17	1.64814	-2.962	0.616333
1050	1.05	1.21019e-16	1.65586	-2.97333	0.551987
1100	1.1	2.35916e-17	1.64651	-2.9788	0.557672
1150	1.15	1.03609e-16	1.64336	-2.96638	0.601955
1200	1.2	8.60435e-17	1.65547	-2.95417	0.588504
1250	1.25	6.23325e-17	1.64062	-2.96426	0.592368
1300	1.3	6.21757e-17	1.65491	-2.94474	0.62346
1350	1.35	6.72144e-17	1.64541	-2.95513	0.611522
1400	1.4	1.03931e-16	1.65545	-2.9619	0.540878
1450	1.45	8.31165e-17	1.65031	-2.97696	0.493974
1500	1.5	1.15793e-16	1.64618	-2.97849	0.515317
1550	1.55	1.00337e-16	1.64464	-2.95643	0.611923
1600	1.6	1.47327e-16	1.64406	-2.93491	0.69542
1650	1.65	2.11957e-16	1.65398	-2.93232	0.673623
1700	1.7	1.22029e-16	1.65359	-2.95583	0.584742
1750	1.75	1.48359e-16	1.65327	-2.97125	0.531827
1800	1.8	7.11334e-17	1.64325	-2.97707	0.556961
1850	1.85	1.33174e-16	1.64831	-2.95571	0.633714
1900	1.9	8.5387e-17	1.6471	-2.949	0.678892
1950	1.95	1.12257e-16	1.64753	-2.94718	0.709658
2000	2	1.29115e-16	1.64852	-2.9221	0.823115
2050	2.05	6.24607e-17	1.65135	-2.93674	0.757412
2100	2.1	4.5151e-17	1.6505	-2.94607	0.692599
2150	2.15	9.06231e-17	1.65047	-2.94641	0.662319
2200	2.2	3.08798e-17	1.65032	-2.96149	0.59339
2250	2.25	7.21644e-17	1.64344	-2.94158	0.688152
2300	2.3	9.04551e-17	1.6549	-2.94631	0.654511
2350	2.35	7.69754e-17	1.64393	-2.9461	0.712313
2400	2.4	8.59085e-17	1.6545	-2.94769	0.672368
2450	2.45	1.06982e-16	1.65285	-2.96967	0.574448
2500	2.5	9.9321e-17	1.64752	-2.96987	0.589939
2550	2.55	9.73982e-17	1.65294	-2.98097	0.543292
2600	2.6	1.12427e-16	1.64354	-2.97437	0.61571
2650	2.65	1.21066e-16	1.64483	-2.95335	0.721105
2700	2.7	1.18412e-16	1.65531	-2.94221	0.752413
2750	2.75	1.00548e-16	1.64886	-2.97293	0.673691
2800	2.8	9.59735e-17	1.64983	-2.9621	0.690998
2850	2.85	9.15154e-17	1.64681	-2.96459	0.667378
2900	2.9	7.76695e-17	1.65022	-2.96224	0.640239
2950	2.95	8.6142e-17	1.65394	-2.96956	0.55348
3000	3	9.28924e-17	1.64649	-2.98588	0.488478
3050	3.05	9.36635e-17	1.65216	-2.97409	0.533888
3100	3.1	9.90959e-17	1.64299	-2.98306	0.5683
3150	3.15	1.24271e-16	1.64943	-2.95575	0.669725
3200	3.2	1.14879e-16	1.6449	-2.94791	0.70663
3250	3.25	1.67094e-16	1.65096	-2.94335	0.667833
3300	3.3	1.96126e-16	1.64781	-2.94339	0.662178
3350	3.35	2.03515e-16	1.6505	-2.9373	0.689069
3400	3.4	1.42105e-16	1.6524	-2.95822	0.628928
3450	3.45	1.45957e-16	1.65099	-2.96348	0.629016
3500	3.5	1.64974e-16	1.64158	-2.95803	0.687958
3550	3.55	1.51171e-16	1.64755	-2.93045	0.761293
3600	3.6	1.56515e-16	1.65482	-2.92641	0.72666
3650	3.65	1.68933e-16	1.65368	-2.963	0.576902
3700	3.7	1.60705e-16	1.64748	-2.96494	0.577505
3750	3.75	1.97952e-16	1.64509	-2.9609	0.620205
3800	3.8	1.60024e-16	1.64865	-2.94216	0.711516
3850	3.85	1.93516e-16	1.65427	-2.95844	0.673561
3900	3.9	1.90286e-16	1.6425	-2.94618	0.789129
3950	3.95	2.50457e-16	1.64808	-2.93566	0.811109
4000	4	2.22724e-16	1.65509	-2.93699	0.735459
4050	4.05	2.43441e-16	1.65687	-2.97349	0.544553
4100	4.1	2.58331e-16	1.64215	-2.99237	0.506294
4150	4.15	2.29733e-16	1.64499	-2.94316	0.679619
4200	4.2	2.81707e-16	1.65665	-2.96075	0.593329
4250	4.25	2.79615e-16	1.64923	-2.9782	0.566277
4300	4.3	2.80361e-16	1.63847	-2.9532	0.688994
4350	4.35	2.33294e-16	1.65682	-2.94371	0.632224
4400	4.4	2.18595e-16	1.65134	-2.96591	0.521393
4450	4.45	2.43908e-16	1.64778	-2.97323	0.480265
4500	4.5	2.78829e-16	1.64987	-2.96951	0.491064
4550	4.55	2.74667e-16	1.64216	-2.95409	0.589856
4600	4.6	3.02868e-16	1.65353	-2.93296	0.637145
4650	4.65	2.76693e-16	1.65287	-2.96954	0.507275
4700	4.7	3.15838e-16	1.64291	-2.96719	0.547045
4750	4.75	2.83152e-16	1.65282	-2.95034	0.562099
4800	4.8	3.13823e-16	1.64339	-2.95389	0.587586
4850	4.85	3.37247e-16	1.64585	-2.92617	0.722292
4900	4.9	3.21992e-16	1.65743	-2.93314	0.687257
4950	4.95	2.67102e-16	1.64787	-2.95936	0.630763
5000	5	2.67907e-16	1.65123	-2.95107	0.652841
5050	5.05	2.72878e-16	1.63658	-2.9553	0.681726
5100	5.1	2.14656e-16	1.64763	-2.95535	0.632465
5150	5.15	2.26576e-16	1.65878	-2.95537	0.597091
5200	5.2	1.75524e-16	1.64325	-2.95545	0.663717
5250	5.25	2.14986e-16	1.62572	-2.95533	0.718671
5300	5.3	2.43112e-16	1.65155	-2.95533	0.620799
5350	5.35	2.96388e-16	1.64229	-2.95536	0.648558
5400	5.4	2.33504e-16	1.64857	-2.95543	0.669302
5450	5.45	2.98238e-16	1.64746	-2.95535	0.707378
5500	5.5	2.50828e-16	1.64616	-2.95538	0.697941
5550	5.55	2.38598e-16	1.64186	-2.95527	0.655012
5600	5.6	2.56192e-16	1.65059	-2.95531	0.593846
5650	5.65	2.89937e-16	1.63128	-2.95541	0.663276
5700	5.7	2.8394e-16	1.63766	-2.95565	0.678308
5750	5.75	2.83058e-16	1.63011	-2.95552	0.735298
5800	5.8	2.93035e-16	1.62986	-2.95548	0.744465
5850	5.85	2.80594e-16	1.65054	-2.95542	0.6758
5900	5.9	2.72911e-16	1.64057	-2.95519	0.708055
5950	5.95	3.47568e-16	1.66249	-2.95515	0.639621
6000	6	2.95231e-16	1.67488	-2.95501	0.596504
6050	6.05	3.56317e-16	1.65978	-2.95514	0.637482
6100	6.1	3.21062e-16	1.65554	-2.95523	0.647089
6150	6.15	3.56146e-16	1.64796	-2.95538	0.670863
6200	6.2	3.43641e-16	1.64237	-2.95553	0.688056
6250	6.25	3.61454e-16	1.67236	-2.95519	0.59972
6300	6.3	3.4696e-16	1.65943	-2.95498	0.648937
6350	6.35	3.67957e-16	1.65058	-2.95508	0.675007
6400	6.4	3.25481e-16	1.66688	-2.95527	0.614452
6450	6.45	3.11765e-16	1.65652	-2.95559	0.649996
6500	6.5	3.4166e-16	1.64903	-2.95566	0.681854
6550	6.55	3.36316e-16	1.65695	-2.95566	0.650761
6600	6.6	3.77155e-16	1.65189	-2.95557	0.66929
6650	6.65	3.22544e-16	1.66342	-2.95579	0.650941
6700	6.7	3.62061e-16	1.65773	-2.95578	0.686506
6750	6.75	3.63472e-16	1.65511	-2.95583	0.699234
6800	6.8	3.29409e-16	1.6374	-2.95562	0.73524
6850	6.85	4.11773e-16	1.63513	-2.95547	0.731657
6900	6.9	4.03759e-16	1.6205	-2.95565	0.763234
6950	6.95	4.10766e-16	1.61754	-2.95596	0.75025
7000	7	4.22611e-16	1.6644	-2.9558	0.59538
7050	7.05	4.2398e-16	1.66086	-2.9555	0.597474
7100	7.1	3.94705e-16	1.65586	-2.95534	0.57235
7150	7.15	4.246e-16	1.67454	-2.95515	0.48097
7200	7.2	4.33025e-16	1.6483	-2.95492	0.571274
7250	7.25	4.00573e-16	1.64647	-2.95476	0.577399
7300	7.3	4.538e-16	1.65522	-2.95503	0.537905
7350	7.35	4.34233e-16	1.65106	-2.95522	0.551701
7400	7.4	4.16245e-16	1.63692	-2.95514	0.61556
7450	7.45	4.11382e-16	1.65126	-2.95508	0.594344
7500	7.5	3.71264e-16	1.64519	-2.95518	0.636432
7550	7.55	3.95004e-16	1.65692	-2.95525	0.629916
7600	7.6	3.94782e-16	1.64818	-2.95549	0.683413
7650	7.65	4.31784e-16	1.64874	-2.95579	0.690886
7700	7.7	4.38023e-16	1.65302	-2.95584	0.677545
7750	7.75	3.93558e-16	1.62797	-2.95586	0.779113
7800	7.8	4.27014e-16	1.61502	-2.95585	0.808823
7850	7.85	4.3663e-16	1.65709	-2.95609	0.654822
7900	7.9	4.12249e-16	1.60838	-2.95623	0.797203
7950	7.95	4.24808e-16	1.61068	-2.95596	0.782693
8000	8	4.3804e-16	1.64428	-2.95599	0.65995
8050	8.05	4.51581e-16	1.64403	-2.95604	0.644458
8100	8.1	4.38071e-16	1.64207	-2.95593	0.654
8150	8.15	4.21477e-16	1.62714	-2.95591	0.707948
8200	8.2	4.42309e-16	1.62515	-2.95575	0.709801
8250	8.25	4.34627e-16	1.64101	-2.95548	0.661894
8300	8.3	4.077e-16	1.64641	-2.95545	0.65851
8350	8.35	3.99712e-16	1.64664	-2.95546	0.641623
8400	8.4	4.54121e-16	1.67119	-2.95521	0.546159
8450	8.45	4.0934e-16	1.64932	-2.95533	0.608034
8500	8.5	4.06175e-16	1.65489	-2.95524	0.560854
8550	8.55	4.6568e-16	1.67033	-2.9552	0.475784
8600	8.6	4.67961e-16	1.6638	-2.95548	0.48555
8650	8.65	4.50929e-16	1.65456	-2.95559	0.528242
8700	8.7	4.60162e-16	1.6565	-2.95544	0.546307
8750	8.75	4.72948e-16	1.63766	-2.95545	0.648327
8800	8.8	4.93206e-16	1.65336	-2.95553	0.635279
8850	8.85	4.59654e-16	1.64049	-2.9557	0.675332
8900	8.9	4.8977e-16	1.64623	-2.95586	0.646539
8950	8.95	4.75951e-16	1.62355	-2.95595	0.714196
9000	9	4.81973e-16	1.63033	-2.95585	0.691202
9050	9.05	5.07087e-16	1.6551	-2.95559	0.61948
9100	9.1	5.05123e-16	1.65887	-2.95558	0.606902
9150	9.15	4.97056e-16	1.65181	-2.95559	0.624274
9200	9.2	5.24998e-16	1.64066	-2.95575	0.647437
9250	9.25	5.09992e-16	1.6258	-2.95577	0.680481
9300	9.3	5.18427e-16	1.64726	-2.95572	0.616441
9350	9.35	4.65033e-16	1.65966	-2.95555	0.59665
9400	9.4	4.90558e-16	1.64226	-2.95546	0.661393
9450	9.45	4.74244e-16	1.63795	-2.95557	0.686722
9500	9.5	5.02541e-16	1.64665	-2.95561	0.685789
9550	9.55	4.86625e-16	1.64437	-2.95579	0.698513
9600	9.6	5.03332e-16	1.66716	-2.95575	0.599682
9650	9.65	5.46351e-16	1.66629	-2.95565	0.579809
9700	9.7	5.19706e-16	1.65452	-2.95586	0.601508
9750	9.75	5.23569e-16	1.67406	-2.95586	0.531721
9800	9.8	5.32766e-16	1.64259	-2.95569	0.656558
9850	9.85	5.59385e-16	1.65174	-2.95541	0.642998
9900	9.9	5.10993e-16	1.65848	-2.9556	0.599295
9950	9.95	5.0306e-16	1.64356	-2.95557	0.630897
Wall time: 66 seconds
