0	0	2.91642e-17	0.032934	-0.0753193	-0.0954042
50	0.05	8.36996e-17	1.64147	-3.76193	-4.58079
100	0.1	3.52284e-17	1.54912	-3.62162	-3.01369
150	0.15	4.77364e-17	1.58222	-3.10721	-0.332754
200	0.2	1.57989e-16	1.63116	-2.95928	0.550661
250	0.25	1.72496e-16	1.64862	-2.9054	0.806196
300	0.3	1.77943e-16	1.64649	-2.90504	0.810731
350	0.35	2.27771e-16	1.65257	-2.91816	0.698687
400	0.4	2.51244e-16	1.65539	-2.94524	0.552236
450	0.45	2.03784e-16	1.65023	-2.99309	0.381968
500	0.5	1.95801e-16	1.63179	-2.96779	0.52554
550	0.55	1.67822e-16	1.65449	-2.94069	0.531143
600	0.6	1.94588e-16	1.65034	-2.95232	0.463387
650	0.65	2.57271e-16	1.63677	-2.97432	0.412149
700	0.7	2.75737e-16	1.65859	-2.94724	0.450905
750	0.75	2.49924e-16	1.63052	-2.96036	0.522875
800	0.8	2.21597e-16	1.65512	-2.9408	0.523994
850	0.85	2.19116e-16	1.63954	-2.93566	0.619224
900	0.9	2.82539e-16	1.64849	-2.91619	0.713452
950	0.95	3.34391e-16	1.65016	-2.92533	0.712653
1000	1	3.06219e-16	1.64204	-2.94779	0.704892
1050	1.05	3.58876e-16	1.6483	-2.92848	0.751157
1100	1.1	4.20392e-16	1.65309	-2.93232	0.68085
1150	1.15	4.49203e-16	1.64822	-2.96896	0.568283
1200	1.2	4.11112e-16	1.62858	-2.93998	0.764422
1250	1.25	4.31151e-16	1.64135	-2.86207	1.01163
1300	1.3	4.42674e-16	1.6618	-2.88348	0.857678
1350	1.35	4.84812e-16	1.64669	-2.92812	0.715052
1400	1.4	4.59894e-16	1.6611	-2.95848	0.557742
1450	1.45	4.68233e-16	1.6455	-2.98096	0.521744
1500	1.5	4.51425e-16	1.65071	-3.01624	0.391352
1550	1.55	4.9439e-16	1.63258	-2.97581	0.587606
1600	1.6	5.35245e-16	1.65881	-2.9722	0.489209
1650	1.65	4.94446e-16	1.6473	-2.99049	0.462929
1700	1.7	4.56875e-16	1.6445	-3.02185	0.407629
1750	1.75	5.02928e-16	1.63662	-2.96266	0.684166
1800	1.8	4.92658e-16	1.6581	-2.95384	0.650573
1850	1.85	5.18091e-16	1.63779	-2.98176	0.599505
1900	1.9	5.05982e-16	1.64325	-2.95455	0.673044
1950	1.95	5.24684e-16	1.65966	-2.96034	0.572944
2000	2	5.71855e-16	1.65448	-3.03123	0.304893
2050	2.05	5.32795e-16	1.62941	-3.00099	0.496753
2100	2.1	5.42793e-16	1.64334	-2.97049	0.617709
2150	2.15	5.64026e-16	1.63622	-2.91421	0.9003
2200	2.2	5.49431e-16	1.65857	-2.90549	0.886427
2250	2.25	5.46046e-16	1.64385	-2.9476	0.730767
2300	2.3	5.73452e-16	1.64838	-2.95175	0.625396
2350	2.35	5.7341e-16	1.64023	-2.931	0.684852
2400	2.4	6.01011e-16	1.65617	-2.91809	0.646578
2450	2.45	5.7123e-16	1.65711	-2.97864	0.365549
2500	2.5	6.07006e-16	1.63678	-2.99992	0.314286
2550	2.55	6.84473e-16	1.65016	-2.95964	0.433678
2600	2.6	6.51447e-16	1.6472	-2.99359	0.350031
2650	2.65	6.2127e-16	1.64902	-2.97865	0.396575
2700	2.7	6.3861e-16	1.64321	-3.00158	0.313393
2750	2.75	5.51922e-16	1.65274	-2.98061	0.353704
2800	2.8	6.12831e-16	1.63515	-2.99	0.408458
2850	2.85	6.40802e-16	1.63914	-2.93723	0.614347
2900	2.9	6.27798e-16	1.65772	-2.91515	0.660703
2950	2.95	5.68535e-16	1.65276	-2.98188	0.496278
3000	3	6.54234e-16	1.64373	-2.99776	0.506578
3050	3.05	5.88047e-16	1.65094	-2.9812	0.538808
3100	3.1	6.49433e-16	1.62769	-2.95587	0.695419
3150	3.15	6.33832e-16	1.65285	-2.91878	0.766366
3200	3.2	7.54929e-16	1.64813	-2.919	0.767739
3250	3.25	7.18628e-16	1.65199	-2.96536	0.589052
3300	3.3	7.34937e-16	1.64398	-2.95594	0.626937
3350	3.35	7.31692e-16	1.64993	-2.96594	0.535807
3400	3.4	7.84624e-16	1.64126	-2.96663	0.534182
3450	3.45	7.62039e-16	1.64414	-2.94192	0.601078
3500	3.5	7.85624e-16	1.64277	-2.92112	0.702806
3550	3.55	7.42321e-16	1.65562	-2.93616	0.644472
3600	3.6	8.45659e-16	1.65193	-2.96607	0.565046
3650	3.65	7.5235e-16	1.63894	-2.97014	0.607143
3700	3.7	7.94676e-16	1.6493	-2.93455	0.710821
3750	3.75	7.52106e-16	1.64482	-2.97042	0.644549
3800	3.8	8.49658e-16	1.65	-2.92907	0.858957
3850	3.85	7.97571e-16	1.64679	-2.97192	0.751384
3900	3.9	8.71641e-16	1.62898	-2.93058	1.0077
3950	3.95	7.70712e-16	1.65382	-2.88763	1.10701
4000	4	8.25034e-16	1.66046	-2.9435	0.826237
4050	4.05	7.72419e-16	1.63869	-2.97441	0.715055
4100	4.1	7.07755e-16	1.64849	-2.93129	0.784322
4150	4.15	7.14861e-16	1.63641	-2.93384	0.806651
4200	4.2	7.56851e-16	1.64384	-2.86968	1.00296
4250	4.25	7.73924e-16	1.65819	-2.92268	0.732131
4300	4.3	7.72742e-16	1.64802	-2.94909	0.616491
4350	4.35	8.19118e-16	1.6393	-2.92698	0.688022
4400	4.4	8.63367e-16	1.65865	-2.92776	0.600978
4450	4.45	8.74497e-16	1.64029	-2.95841	0.592179
4500	4.5	9.04603e-16	1.6469	-2.92519	0.763253
4550	4.55	9.11062e-16	1.65631	-2.97187	0.625092
4600	4.6	8.88207e-16	1.64157	-2.97254	0.683402
4650	4.65	8.51794e-16	1.65006	-2.96938	0.643984
4700	4.7	9.37708e-16	1.64453	-2.96435	0.666085
4750	4.75	8.58885e-16	1.65394	-2.98979	0.544564
4800	4.8	8.60726e-16	1.62741	-2.97179	0.713327
4850	4.85	9.82249e-16	1.65627	-2.91353	0.85484
4900	4.9	8.35977e-16	1.6444	-2.98013	0.653018
4950	4.95	8.43586e-16	1.6553	-2.94798	0.724388
5000	5	8.58372e-16	1.62806	-2.97371	0.72314
5050	5.05	8.76937e-16	1.58783	-2.94521	0.970444
5100	5.1	8.71388e-16	1.60051	-2.94524	0.947868
5150	5.15	8.645e-16	1.62309	-2.94518	0.904516
5200	5.2	8.18949e-16	1.59979	-2.94494	0.993853
5250	5.25	8.39387e-16	1.6608	-2.94499	0.753657
5300	5.3	7.785e-16	1.65751	-2.94497	0.723995
5350	5.35	7.69113e-16	1.66541	-2.94527	0.68146
5400	5.4	7.4883e-16	1.70666	-2.94534	0.539202
5450	5.45	7.72963e-16	1.6747	-2.94527	0.703683
5500	5.5	7.3798e-16	1.64509	-2.94508	0.887987
5550	5.55	6.92235e-16	1.65571	-2.94537	0.869476
5600	5.6	7.39552e-16	1.64918	-2.94534	0.865381
5650	5.65	7.40943e-16	1.67209	-2.94533	0.735782
5700	5.7	7.11022e-16	1.66939	-2.94525	0.724271
5750	5.75	7.25636e-16	1.65288	-2.94525	0.820635
5800	5.8	7.23891e-16	1.69164	-2.94499	0.698515
5850	5.85	7.08316e-16	1.70588	-2.94514	0.651675
5900	5.9	7.07508e-16	1.63006	-2.94514	0.894515
5950	5.95	6.45617e-16	1.70479	-2.94489	0.619086
6000	6	6.58965e-16	1.64997	-2.94543	0.719887
6050	6.05	6.55007e-16	1.63744	-2.94538	0.715747
6100	6.1	6.57678e-16	1.6443	-2.94501	0.708268
6150	6.15	6.56929e-16	1.62432	-2.945	0.800352
6200	6.2	6.83118e-16	1.6485	-2.94508	0.736211
6250	6.25	6.21704e-16	1.63566	-2.94461	0.730853
6300	6.3	6.44719e-16	1.70936	-2.94506	0.464988
6350	6.35	7.40357e-16	1.63943	-2.94538	0.694874
6400	6.4	7.01304e-16	1.63905	-2.94537	0.710793
6450	6.45	7.00645e-16	1.65116	-2.94466	0.630169
6500	6.5	6.60382e-16	1.70331	-2.94438	0.409837
6550	6.55	5.92806e-16	1.70076	-2.94411	0.440926
6600	6.6	6.23429e-16	1.64957	-2.94458	0.630863
6650	6.65	6.11067e-16	1.61374	-2.94496	0.732221
6700	6.7	6.1984e-16	1.66941	-2.94548	0.571094
6750	6.75	5.81326e-16	1.6403	-2.9459	0.706703
6800	6.8	5.54884e-16	1.64546	-2.94583	0.704171
6850	6.85	5.58136e-16	1.6415	-2.94543	0.726058
6900	6.9	5.15656e-16	1.6338	-2.94535	0.78909
6950	6.95	4.85407e-16	1.64387	-2.94564	0.761244
7000	7	5.1074e-16	1.67407	-2.94605	0.640654
7050	7.05	4.92536e-16	1.65023	-2.94628	0.707044
7100	7.1	5.03626e-16	1.64055	-2.94611	0.735672
7150	7.15	5.05948e-16	1.64281	-2.94568	0.671136
7200	7.2	5.19911e-16	1.70186	-2.94533	0.437248
7250	7.25	4.72936e-16	1.68981	-2.94548	0.478612
7300	7.3	4.28402e-16	1.65594	-2.9459	0.608729
7350	7.35	4.72858e-16	1.64589	-2.94568	0.636632
7400	7.4	5.36626e-16	1.6121	-2.94547	0.731382
7450	7.45	5.68132e-16	1.62181	-2.94478	0.687937
7500	7.5	6.28735e-16	1.63827	-2.94495	0.625146
7550	7.55	6.97462e-16	1.59668	-2.9449	0.707064
7600	7.6	6.84305e-16	1.63465	-2.94521	0.532189
7650	7.65	7.05202e-16	1.71241	-2.9454	0.249801
7700	7.7	7.40892e-16	1.70936	-2.9453	0.299591
7750	7.75	7.58001e-16	1.64463	-2.94537	0.590065
7800	7.8	7.6155e-16	1.6597	-2.9452	0.592531
7850	7.85	6.94021e-16	1.64415	-2.94516	0.664631
7900	7.9	6.91625e-16	1.6314	-2.9452	0.750576
7950	7.95	6.68044e-16	1.6561	-2.94519	0.776022
8000	8	6.62419e-16	1.63724	-2.94524	0.894455
8050	8.05	7.0078e-16	1.65171	-2.94503	0.835868
8100	8.1	6.45122e-16	1.63547	-2.94488	0.814678
8150	8.15	6.70074e-16	1.67375	-2.94468	0.628133
8200	8.2	6.93884e-16	1.68669	-2.9449	0.583055
8250	8.25	6.5216e-16	1.72156	-2.94459	0.516918
8300	8.3	6.71565e-16	1.70636	-2.94474	0.556927
8350	8.35	6.43528e-16	1.68451	-2.94506	0.62099
8400	8.4	7.71697e-16	1.67691	-2.94493	0.634195
8450	8.45	7.46035e-16	1.67785	-2.94511	0.600808
8500	8.5	6.90168e-16	1.69894	-2.94505	0.510679
8550	8.55	7.27247e-16	1.70727	-2.94501	0.464292
8600	8.6	7.06982e-16	1.70849	-2.94556	0.438779
8650	8.65	7.29642e-16	1.70123	-2.94584	0.45513
8700	8.7	7.49121e-16	1.67532	-2.94573	0.535505
8750	8.75	6.80541e-16	1.68624	-2.94533	0.493425
8800	8.8	7.17829e-16	1.7014	-2.94502	0.430794
8850	8.85	8.12267e-16	1.73245	-2.94495	0.316339
8900	8.9	8.58967e-16	1.69658	-2.94495	0.471925
8950	8.95	8.2385e-16	1.67757	-2.94512	0.597396
9000	9	8.94885e-16	1.71351	-2.94555	0.532521
9050	9.05	8.4933e-16	1.63142	-2.94586	0.805284
9100	9.1	8.74648e-16	1.65332	-2.94553	0.669936
9150	9.15	8.25669e-16	1.63003	-2.94533	0.643045
9200	9.2	8.65031e-16	1.62917	-2.94529	0.598146
9250	9.25	8.66396e-16	1.62548	-2.94498	0.623457
9300	9.3	9.14729e-16	1.63668	-2.94518	0.613613
9350	9.35	8.90244e-16	1.69023	-2.94543	0.493042
9400	9.4	8.33881e-16	1.67556	-2.94557	0.601294
9450	9.45	8.64842e-16	1.66738	-2.94559	0.650599
9500	9.5	8.17681e-16	1.64991	-2.94516	0.686136
9550	9.55	8.46666e-16	1.64994	-2.94511	0.633151
9600	9.6	8.95207e-16	1.6984	-2.9451	0.440834
9650	9.65	9.09475e-16	1.69564	-2.94512	0.417117
9700	9.7	8.38376e-16	1.66273	-2.94508	0.50929
9750	9.75	8.35623e-16	1.60052	-2.94518	0.730675
9800	9.8	8.8681e-16	1.66673	-2.94534	0.57637
9850	9.85	8.51134e-16	1.63115	-2.94545	0.715992
9900	9.9	8.55758e-16	1.63411	-2.94595	0.676181
9950	9.95	8.83876e-16	1.62957	-2.94564	0.643005
Wall time: 43 seconds
